\BOOKMARK [0][-]{chapter.1}{System design}{}% 1
\BOOKMARK [1][-]{section.1.1}{System overview}{chapter.1}% 2
\BOOKMARK [0][-]{chapter.2}{Voltage regulation}{}% 3
\BOOKMARK [1][-]{section.2.1}{Introduction}{chapter.2}% 4
\BOOKMARK [1][-]{section.2.2}{Design}{chapter.2}% 5
\BOOKMARK [2][-]{subsection.2.2.1}{Linear Regulator}{section.2.2}% 6
\BOOKMARK [2][-]{subsection.2.2.2}{Switchmode Regulator}{section.2.2}% 7
\BOOKMARK [2][-]{subsection.2.2.3}{Voltage Regulator Comparison}{section.2.2}% 8
\BOOKMARK [1][-]{section.2.3}{Results}{chapter.2}% 9
\BOOKMARK [1][-]{section.2.4}{Summary}{chapter.2}% 10
\BOOKMARK [0][-]{chapter.3}{Temperature sensor conditioning circuit}{}% 11
\BOOKMARK [1][-]{section.3.1}{Intro}{chapter.3}% 12
\BOOKMARK [1][-]{section.3.2}{Design}{chapter.3}% 13
\BOOKMARK [1][-]{section.3.3}{Results}{chapter.3}% 14
\BOOKMARK [1][-]{section.3.4}{Summary}{chapter.3}% 15
\BOOKMARK [0][-]{chapter.4}{System and conclusion}{}% 16
\BOOKMARK [1][-]{section.4.1}{System}{chapter.4}% 17
\BOOKMARK [1][-]{section.4.2}{Lessons learnt}{chapter.4}% 18
\BOOKMARK [0][-]{chapter*.8}{Bibliography}{}% 19
\BOOKMARK [0][-]{appendix.A}{Social contract}{}% 20
\BOOKMARK [0][-]{appendix.B}{GitHub Activity Heatmap}{}% 21
\BOOKMARK [0][-]{appendix.C}{Stuff you want to include}{}% 22
