This is pdfTeX, Version 3.14159265-2.6-1.40.21 (MiKTeX 2.9.7440 64-bit) (preloaded format=pdflatex 2020.6.1)  16 AUG 2020 21:40
entering extended mode
**./declaration.tex
(declaration.tex
LaTeX2e <2020-02-02> patch level 5
L3 programming layer <2020-05-15>
! Undefined control sequence.
<argument> \includegraphics 
                            [width=8cm]{USlogo-top}
l.7 ...ne{\includegraphics[width=8cm]{USlogo-top}}
                                                  
The control sequence at the end of the top line
of your error message was never \def'ed. If you have
misspelled it (e.g., `\hobx'), type `I' and the correct
spelling (e.g., `I\hbox'). Otherwise just continue,
and I'll forget about whatever was undefined.

Missing character: There is no [ in font nullfont!
Missing character: There is no w in font nullfont!
Missing character: There is no i in font nullfont!
Missing character: There is no d in font nullfont!
Missing character: There is no t in font nullfont!
Missing character: There is no h in font nullfont!
Missing character: There is no = in font nullfont!
Missing character: There is no 8 in font nullfont!
Missing character: There is no c in font nullfont!
Missing character: There is no m in font nullfont!
Missing character: There is no ] in font nullfont!
Missing character: There is no U in font nullfont!
Missing character: There is no S in font nullfont!
Missing character: There is no l in font nullfont!
Missing character: There is no o in font nullfont!
Missing character: There is no g in font nullfont!
Missing character: There is no o in font nullfont!
Missing character: There is no - in font nullfont!
Missing character: There is no t in font nullfont!
Missing character: There is no o in font nullfont!
Missing character: There is no p in font nullfont!
! Undefined control sequence.
l.10 \section
             *{\centering Plagiaatverklaring / \textit{Plagiarism Declaration}}
The control sequence at the end of the top line
of your error message was never \def'ed. If you have
misspelled it (e.g., `\hobx'), type `I' and the correct
spelling (e.g., `I\hbox'). Otherwise just continue,
and I'll forget about whatever was undefined.


! LaTeX Error: Missing \begin{document}.

See the LaTeX manual or LaTeX Companion for explanation.
Type  H <return>  for immediate help.
 ...                                              
                                                  
l.10 \section*
              {\centering Plagiaatverklaring / \textit{Plagiarism Declaration}}

You're in trouble here.  Try typing  <return>  to proceed.
If that doesn't work, type  X <return>  to quit.

Missing character: There is no * in font nullfont!
Missing character: There is no P in font nullfont!
Missing character: There is no l in font nullfont!
Missing character: There is no a in font nullfont!
Missing character: There is no g in font nullfont!
Missing character: There is no i in font nullfont!
Missing character: There is no a in font nullfont!
Missing character: There is no a in font nullfont!
Missing character: There is no t in font nullfont!
Missing character: There is no v in font nullfont!
Missing character: There is no e in font nullfont!
Missing character: There is no r in font nullfont!
Missing character: There is no k in font nullfont!
Missing character: There is no l in font nullfont!
Missing character: There is no a in font nullfont!
Missing character: There is no r in font nullfont!
Missing character: There is no i in font nullfont!
Missing character: There is no n in font nullfont!
Missing character: There is no g in font nullfont!
Missing character: There is no / in font nullfont!

Overfull \hbox (20.0pt too wide) in paragraph at lines 10--11
[]
 []


Overfull \hbox (18.02766pt too wide) in paragraph at lines 10--11
\OT1/cmr/m/it/10 Pla-
 []


Overfull \hbox (16.35544pt too wide) in paragraph at lines 10--11
\OT1/cmr/m/it/10 gia-
 []


Overfull \hbox (19.54988pt too wide) in paragraph at lines 10--11
\OT1/cmr/m/it/10 rism
 []


Overfull \hbox (19.81648pt too wide) in paragraph at lines 10--11
\OT1/cmr/m/it/10 Dec-
 []


Overfull \hbox (11.24437pt too wide) in paragraph at lines 10--11
\OT1/cmr/m/it/10 la-
 []


Overfull \hbox (12.39433pt too wide) in paragraph at lines 10--11
\OT1/cmr/m/it/10 ra-
 []


Overfull \hbox (17.88925pt too wide) in paragraph at lines 10--11
\OT1/cmr/m/it/10 tion 
 []


! LaTeX Error: Missing \begin{document}.

See the LaTeX manual or LaTeX Companion for explanation.
Type  H <return>  for immediate help.
 ...                                              
                                                  
l.14 \begin{enumerate}
                      
You're in trouble here.  Try typing  <return>  to proceed.
If that doesn't work, type  X <return>  to quit.


Overfull \hbox (20.0pt too wide) in paragraph at lines 14--14
[] 
 []

Missing character: There is no P in font nullfont!
Missing character: There is no l in font nullfont!
Missing character: There is no a in font nullfont!
Missing character: There is no g in font nullfont!
Missing character: There is no i in font nullfont!
Missing character: There is no a in font nullfont!
Missing character: There is no a in font nullfont!
Missing character: There is no t in font nullfont!
Missing character: There is no i in font nullfont!
Missing character: There is no s in font nullfont!
Missing character: There is no d in font nullfont!
Missing character: There is no i in font nullfont!
Missing character: There is no e in font nullfont!
Missing character: There is no o in font nullfont!
Missing character: There is no o in font nullfont!
Missing character: There is no r in font nullfont!
Missing character: There is no n in font nullfont!
Missing character: There is no e in font nullfont!
Missing character: There is no e in font nullfont!
Missing character: There is no m in font nullfont!
Missing character: There is no e in font nullfont!
Missing character: There is no n in font nullfont!
Missing character: There is no g in font nullfont!
Missing character: There is no e in font nullfont!
Missing character: There is no b in font nullfont!
Missing character: There is no r in font nullfont!
Missing character: There is no u in font nullfont!
Missing character: There is no i in font nullfont!
Missing character: There is no k in font nullfont!
Missing character: There is no v in font nullfont!
Missing character: There is no a in font nullfont!
Missing character: There is no n in font nullfont!
Missing character: There is no d in font nullfont!
Missing character: There is no i in font nullfont!
Missing character: There is no e in font nullfont!
Missing character: There is no i in font nullfont!
Missing character: There is no d in font nullfont!
Missing character: There is no e in font nullfont!
Missing character: There is no e in font nullfont!
Missing character: There is no s in font nullfont!
Missing character: There is no , in font nullfont!
Missing character: There is no m in font nullfont!
Missing character: There is no a in font nullfont!
Missing character: There is no t in font nullfont!
Missing character: There is no e in font nullfont!
Missing character: There is no r in font nullfont!
Missing character: There is no i in font nullfont!
Missing character: There is no a in font nullfont!
Missing character: There is no a in font nullfont!
Missing character: There is no l in font nullfont!
Missing character: There is no e in font nullfont!
Missing character: There is no n in font nullfont!
Missing character: There is no a in font nullfont!
Missing character: There is no n in font nullfont!
Missing character: There is no d in font nullfont!
Missing character: There is no e in font nullfont!
Missing character: There is no r in font nullfont!
Missing character: There is no i in font nullfont!
Missing character: There is no n in font nullfont!
Missing character: There is no t in font nullfont!
Missing character: There is no e in font nullfont!
Missing character: There is no l in font nullfont!
Missing character: There is no l in font nullfont!
Missing character: There is no e in font nullfont!
Missing character: There is no k in font nullfont!
Missing character: There is no t in font nullfont!
Missing character: There is no u in font nullfont!
Missing character: There is no e in font nullfont!
Missing character: There is no l in font nullfont!
Missing character: There is no e in font nullfont!
Missing character: There is no e in font nullfont!
Missing character: There is no i in font nullfont!
Missing character: There is no e in font nullfont!
Missing character: There is no n in font nullfont!
Missing character: There is no d in font nullfont!
Missing character: There is no o in font nullfont!
Missing character: There is no m in font nullfont!
Missing character: There is no v in font nullfont!
Missing character: There is no a in font nullfont!
Missing character: There is no n in font nullfont!
Missing character: There is no a in font nullfont!
Missing character: There is no n in font nullfont!
Missing character: There is no d in font nullfont!
Missing character: There is no e in font nullfont!
Missing character: There is no r in font nullfont!
Missing character: There is no p in font nullfont!
Missing character: There is no e in font nullfont!
Missing character: There is no r in font nullfont!
Missing character: There is no s in font nullfont!
Missing character: There is no o in font nullfont!
Missing character: There is no n in font nullfont!
Missing character: There is no e in font nullfont!
Missing character: There is no a in font nullfont!
Missing character: There is no s in font nullfont!
Missing character: There is no o in font nullfont!
Missing character: There is no f in font nullfont!
Missing character: There is no d in font nullfont!
Missing character: There is no i in font nullfont!
Missing character: There is no t in font nullfont!
Missing character: There is no j in font nullfont!
Missing character: There is no o in font nullfont!
Missing character: There is no u in font nullfont!
Missing character: There is no e in font nullfont!
Missing character: There is no i in font nullfont!
Missing character: There is no e in font nullfont!
Missing character: There is no w in font nullfont!
Missing character: There is no e in font nullfont!
Missing character: There is no r in font nullfont!
Missing character: There is no k in font nullfont!
Missing character: There is no i in font nullfont!
Missing character: There is no s in font nullfont!
Missing character: There is no . in font nullfont!

Overfull \hbox (46.7775pt too wide) in paragraph at lines 15--18
\OT1/cmr/m/it/10 Plagiarism
 []


Overfull \hbox (7.15552pt too wide) in paragraph at lines 15--18
\OT1/cmr/m/it/10 is
 []


Overfull \hbox (13.03323pt too wide) in paragraph at lines 15--18
\OT1/cmr/m/it/10 the
 []


Overfull \hbox (14.05547pt too wide) in paragraph at lines 15--18
\OT1/cmr/m/it/10 use
 []


Overfull \hbox (8.17773pt too wide) in paragraph at lines 15--18
\OT1/cmr/m/it/10 of
 []


Overfull \hbox (24.53317pt too wide) in paragraph at lines 15--18
\OT1/cmr/m/it/10 ideas,
 []


Overfull \hbox (16.86656pt too wide) in paragraph at lines 15--18
\OT1/cmr/m/it/10 ma-
 []


Overfull \hbox (11.4999pt too wide) in paragraph at lines 15--18
\OT1/cmr/m/it/10 te-
 []


Overfull \hbox (14.9499pt too wide) in paragraph at lines 15--18
\OT1/cmr/m/it/10 rial
 []


Overfull \hbox (15.84436pt too wide) in paragraph at lines 15--18
\OT1/cmr/m/it/10 and
 []


Overfull \hbox (22.36095pt too wide) in paragraph at lines 15--18
\OT1/cmr/m/it/10 other
 []


Overfull \hbox (12.26659pt too wide) in paragraph at lines 15--18
\OT1/cmr/m/it/10 in-
 []


Overfull \hbox (14.05544pt too wide) in paragraph at lines 15--18
\OT1/cmr/m/it/10 tel-
 []


Overfull \hbox (14.82208pt too wide) in paragraph at lines 15--18
\OT1/cmr/m/it/10 lec-
 []


Overfull \hbox (16.35545pt too wide) in paragraph at lines 15--18
\OT1/cmr/m/it/10 tual
 []


Overfull \hbox (22.6165pt too wide) in paragraph at lines 15--18
\OT1/cmr/m/it/10 prop-
 []


Overfull \hbox (16.9943pt too wide) in paragraph at lines 15--18
\OT1/cmr/m/it/10 erty
 []


Overfull \hbox (8.17773pt too wide) in paragraph at lines 15--18
\OT1/cmr/m/it/10 of
 []


Overfull \hbox (14.31102pt too wide) in paragraph at lines 15--18
\OT1/cmr/m/it/10 an-
 []


Overfull \hbox (29.51646pt too wide) in paragraph at lines 15--18
\OT1/cmr/m/it/10 other's
 []


Overfull \hbox (20.57208pt too wide) in paragraph at lines 15--18
\OT1/cmr/m/it/10 work
 []


Overfull \hbox (15.84436pt too wide) in paragraph at lines 15--18
\OT1/cmr/m/it/10 and
 []


Overfull \hbox (8.43327pt too wide) in paragraph at lines 15--18
\OT1/cmr/m/it/10 to
 []


Overfull \hbox (31.04976pt too wide) in paragraph at lines 15--18
\OT1/cmr/m/it/10 present
 []


Overfull \hbox (7.15552pt too wide) in paragraph at lines 15--18
\OT1/cmr/m/it/10 is
 []


Overfull \hbox (9.19995pt too wide) in paragraph at lines 15--18
\OT1/cmr/m/it/10 as
 []


Overfull \hbox (13.03325pt too wide) in paragraph at lines 15--18
\OT1/cmr/m/it/10 my
 []


Overfull \hbox (20.44434pt too wide) in paragraph at lines 15--18
\OT1/cmr/m/it/10 own. 
 []

Missing character: There is no E in font nullfont!
Missing character: There is no k in font nullfont!
Missing character: There is no e in font nullfont!
Missing character: There is no r in font nullfont!
Missing character: There is no k in font nullfont!
Missing character: There is no e in font nullfont!
Missing character: There is no n in font nullfont!
Missing character: There is no d in font nullfont!
Missing character: There is no a in font nullfont!
Missing character: There is no t in font nullfont!
Missing character: There is no d in font nullfont!
Missing character: There is no i in font nullfont!
Missing character: There is no e in font nullfont!
Missing character: There is no p in font nullfont!
Missing character: There is no l in font nullfont!
Missing character: There is no e in font nullfont!
Missing character: There is no e in font nullfont!
Missing character: There is no g in font nullfont!
Missing character: There is no v in font nullfont!
Missing character: There is no a in font nullfont!
Missing character: There is no n in font nullfont!
Missing character: There is no p in font nullfont!
Missing character: There is no l in font nullfont!
Missing character: There is no a in font nullfont!
Missing character: There is no g in font nullfont!
Missing character: There is no i in font nullfont!
Missing character: There is no a in font nullfont!
Missing character: There is no a in font nullfont!
Missing character: There is no t in font nullfont!
Missing character: There is no ' in font nullfont!
Missing character: There is no n in font nullfont!
Missing character: There is no s in font nullfont!
Missing character: There is no t in font nullfont!
Missing character: There is no r in font nullfont!
Missing character: There is no a in font nullfont!
Missing character: There is no f in font nullfont!
Missing character: There is no b in font nullfont!
Missing character: There is no a in font nullfont!
Missing character: There is no r in font nullfont!
Missing character: There is no e in font nullfont!
Missing character: There is no o in font nullfont!
Missing character: There is no o in font nullfont!
Missing character: There is no r in font nullfont!
Missing character: There is no t in font nullfont!
Missing character: There is no r in font nullfont!
Missing character: There is no e in font nullfont!
Missing character: There is no d in font nullfont!
Missing character: There is no i in font nullfont!
Missing character: There is no n in font nullfont!
Missing character: There is no g in font nullfont!
Missing character: There is no i in font nullfont!
Missing character: There is no s in font nullfont!
Missing character: There is no a in font nullfont!
Missing character: There is no a in font nullfont!
Missing character: There is no n in font nullfont!
Missing character: There is no g in font nullfont!
Missing character: There is no e in font nullfont!
Missing character: There is no s in font nullfont!
Missing character: There is no i in font nullfont!
Missing character: There is no e in font nullfont!
Missing character: There is no n in font nullfont!
Missing character: There is no d in font nullfont!
Missing character: There is no i in font nullfont!
Missing character: There is no t in font nullfont!
Missing character: There is no ' in font nullfont!
Missing character: There is no n in font nullfont!
Missing character: There is no v in font nullfont!
Missing character: There is no o in font nullfont!
Missing character: There is no r in font nullfont!
Missing character: There is no m in font nullfont!
Missing character: There is no v in font nullfont!
Missing character: There is no a in font nullfont!
Missing character: There is no n in font nullfont!
Missing character: There is no d in font nullfont!
Missing character: There is no i in font nullfont!
Missing character: There is no e in font nullfont!
Missing character: There is no f in font nullfont!
Missing character: There is no s in font nullfont!
Missing character: There is no t in font nullfont!
Missing character: There is no a in font nullfont!
Missing character: There is no l in font nullfont!
Missing character: There is no i in font nullfont!
Missing character: There is no s in font nullfont!
Missing character: There is no . in font nullfont!

Overfull \hbox (3.85553pt too wide) in paragraph at lines 19--21
\OT1/cmr/m/it/10 I
 []


Overfull \hbox (22.10535pt too wide) in paragraph at lines 19--21
\OT1/cmr/m/it/10 agree
 []


Overfull \hbox (16.86655pt too wide) in paragraph at lines 19--21
\OT1/cmr/m/it/10 that
 []


Overfull \hbox (16.35545pt too wide) in paragraph at lines 19--21
\OT1/cmr/m/it/10 pla-
 []


Overfull \hbox (16.35544pt too wide) in paragraph at lines 19--21
\OT1/cmr/m/it/10 gia-
 []


Overfull \hbox (19.54988pt too wide) in paragraph at lines 19--21
\OT1/cmr/m/it/10 rism
 []


Overfull \hbox (7.15552pt too wide) in paragraph at lines 19--21
\OT1/cmr/m/it/10 is
 []


Overfull \hbox (5.11108pt too wide) in paragraph at lines 19--21
\OT1/cmr/m/it/10 a
 []


Overfull \hbox (19.67766pt too wide) in paragraph at lines 19--21
\OT1/cmr/m/it/10 pun-
 []


Overfull \hbox (15.84435pt too wide) in paragraph at lines 19--21
\OT1/cmr/m/it/10 ish-
 []


Overfull \hbox (16.86655pt too wide) in paragraph at lines 19--21
\OT1/cmr/m/it/10 able
 []


Overfull \hbox (11.75548pt too wide) in paragraph at lines 19--21
\OT1/cmr/m/it/10 of-
 []


Overfull \hbox (21.9776pt too wide) in paragraph at lines 19--21
\OT1/cmr/m/it/10 fence
 []


Overfull \hbox (12.26654pt too wide) in paragraph at lines 19--21
\OT1/cmr/m/it/10 be-
 []


Overfull \hbox (23.25539pt too wide) in paragraph at lines 19--21
\OT1/cmr/m/it/10 cause
 []


Overfull \hbox (6.38884pt too wide) in paragraph at lines 19--21
\OT1/cmr/m/it/10 it
 []


Overfull \hbox (18.39986pt too wide) in paragraph at lines 19--21
\OT1/cmr/m/it/10 con-
 []


Overfull \hbox (14.05545pt too wide) in paragraph at lines 19--21
\OT1/cmr/m/it/10 sti-
 []


Overfull \hbox (20.69984pt too wide) in paragraph at lines 19--21
\OT1/cmr/m/it/10 tutes
 []


Overfull \hbox (22.48872pt too wide) in paragraph at lines 19--21
\OT1/cmr/m/it/10 theft. 
 []

Missing character: There is no E in font nullfont!
Missing character: There is no k in font nullfont!
Missing character: There is no v in font nullfont!
Missing character: There is no e in font nullfont!
Missing character: There is no r in font nullfont!
Missing character: There is no s in font nullfont!
Missing character: There is no t in font nullfont!
Missing character: There is no a in font nullfont!
Missing character: There is no a in font nullfont!
Missing character: There is no n in font nullfont!
Missing character: There is no o in font nullfont!
Missing character: There is no o in font nullfont!
Missing character: There is no k in font nullfont!
Missing character: There is no d in font nullfont!
Missing character: There is no a in font nullfont!
Missing character: There is no t in font nullfont!
Missing character: There is no d in font nullfont!
Missing character: There is no i in font nullfont!
Missing character: There is no r in font nullfont!
Missing character: There is no e in font nullfont!
Missing character: There is no k in font nullfont!
Missing character: There is no t in font nullfont!
Missing character: There is no e in font nullfont!
Missing character: There is no v in font nullfont!
Missing character: There is no e in font nullfont!
Missing character: There is no r in font nullfont!
Missing character: There is no t in font nullfont!
Missing character: There is no a in font nullfont!
Missing character: There is no l in font nullfont!
Missing character: There is no i in font nullfont!
Missing character: There is no n in font nullfont!
Missing character: There is no g in font nullfont!
Missing character: There is no s in font nullfont!
Missing character: There is no p in font nullfont!
Missing character: There is no l in font nullfont!
Missing character: There is no a in font nullfont!
Missing character: There is no g in font nullfont!
Missing character: There is no i in font nullfont!
Missing character: There is no a in font nullfont!
Missing character: There is no a in font nullfont!
Missing character: There is no t in font nullfont!
Missing character: There is no i in font nullfont!
Missing character: There is no s in font nullfont!
Missing character: There is no . in font nullfont!

Overfull \hbox (3.85553pt too wide) in paragraph at lines 22--24
\OT1/cmr/m/it/10 I
 []


Overfull \hbox (16.86658pt too wide) in paragraph at lines 22--24
\OT1/cmr/m/it/10 also
 []


Overfull \hbox (14.56657pt too wide) in paragraph at lines 22--24
\OT1/cmr/m/it/10 un-
 []


Overfull \hbox (17.50542pt too wide) in paragraph at lines 22--24
\OT1/cmr/m/it/10 der-
 []


Overfull \hbox (23.25542pt too wide) in paragraph at lines 22--24
\OT1/cmr/m/it/10 stand
 []


Overfull \hbox (16.86655pt too wide) in paragraph at lines 22--24
\OT1/cmr/m/it/10 that
 []


Overfull \hbox (11.75548pt too wide) in paragraph at lines 22--24
\OT1/cmr/m/it/10 di-
 []


Overfull \hbox (15.71649pt too wide) in paragraph at lines 22--24
\OT1/cmr/m/it/10 rect
 []


Overfull \hbox (25.42758pt too wide) in paragraph at lines 22--24
\OT1/cmr/m/it/10 trans-
 []


Overfull \hbox (11.24437pt too wide) in paragraph at lines 22--24
\OT1/cmr/m/it/10 la-
 []


Overfull \hbox (21.21098pt too wide) in paragraph at lines 22--24
\OT1/cmr/m/it/10 tions
 []


Overfull \hbox (13.41655pt too wide) in paragraph at lines 22--24
\OT1/cmr/m/it/10 are
 []


Overfull \hbox (16.35545pt too wide) in paragraph at lines 22--24
\OT1/cmr/m/it/10 pla-
 []


Overfull \hbox (16.35544pt too wide) in paragraph at lines 22--24
\OT1/cmr/m/it/10 gia-
 []


Overfull \hbox (22.61653pt too wide) in paragraph at lines 22--24
\OT1/cmr/m/it/10 rism. 
 []

Missing character: There is no D in font nullfont!
Missing character: There is no i in font nullfont!
Missing character: There is no e in font nullfont!
Missing character: There is no n in font nullfont!
Missing character: There is no o in font nullfont!
Missing character: There is no o in font nullfont!
Missing character: There is no r in font nullfont!
Missing character: There is no e in font nullfont!
Missing character: There is no e in font nullfont!
Missing character: There is no n in font nullfont!
Missing character: There is no k in font nullfont!
Missing character: There is no o in font nullfont!
Missing character: There is no m in font nullfont!
Missing character: There is no s in font nullfont!
Missing character: There is no t in font nullfont!
Missing character: There is no i in font nullfont!
Missing character: There is no g in font nullfont!
Missing character: There is no i in font nullfont!
Missing character: There is no s in font nullfont!
Missing character: There is no a in font nullfont!
Missing character: There is no l in font nullfont!
Missing character: There is no l in font nullfont!
Missing character: There is no e in font nullfont!
Missing character: There is no a in font nullfont!
Missing character: There is no a in font nullfont!
Missing character: There is no n in font nullfont!
Missing character: There is no h in font nullfont!
Missing character: There is no a in font nullfont!
Missing character: There is no l in font nullfont!
Missing character: There is no i in font nullfont!
Missing character: There is no n in font nullfont!
Missing character: There is no g in font nullfont!
Missing character: There is no s in font nullfont!
Missing character: There is no e in font nullfont!
Missing character: There is no n in font nullfont!
Missing character: There is no b in font nullfont!
Missing character: There is no y in font nullfont!
Missing character: There is no d in font nullfont!
Missing character: There is no r in font nullfont!
Missing character: There is no a in font nullfont!
Missing character: There is no e in font nullfont!
Missing character: There is no s in font nullfont!
Missing character: There is no v in font nullfont!
Missing character: There is no a in font nullfont!
Missing character: There is no n in font nullfont!
Missing character: There is no u in font nullfont!
Missing character: There is no i in font nullfont!
Missing character: There is no t in font nullfont!
Missing character: There is no e in font nullfont!
Missing character: There is no n in font nullfont!
Missing character: There is no i in font nullfont!
Missing character: There is no g in font nullfont!
Missing character: There is no e in font nullfont!
Missing character: There is no b in font nullfont!
Missing character: There is no r in font nullfont!
Missing character: There is no o in font nullfont!
Missing character: There is no n in font nullfont!
Missing character: There is no ( in font nullfont!
Missing character: There is no i in font nullfont!
Missing character: There is no n in font nullfont!
Missing character: There is no g in font nullfont!
Missing character: There is no e in font nullfont!
Missing character: There is no s in font nullfont!
Missing character: There is no l in font nullfont!
Missing character: There is no u in font nullfont!
Missing character: There is no i in font nullfont!
Missing character: There is no t in font nullfont!
Missing character: There is no d in font nullfont!
Missing character: There is no i in font nullfont!
Missing character: There is no e in font nullfont!
Missing character: There is no i in font nullfont!
Missing character: There is no n in font nullfont!
Missing character: There is no t in font nullfont!
Missing character: There is no e in font nullfont!
Missing character: There is no r in font nullfont!
Missing character: There is no n in font nullfont!
Missing character: There is no e in font nullfont!
Missing character: There is no t in font nullfont!
Missing character: There is no ) in font nullfont!
Missing character: There is no v in font nullfont!
Missing character: There is no o in font nullfont!
Missing character: There is no l in font nullfont!
Missing character: There is no l in font nullfont!
Missing character: There is no e in font nullfont!
Missing character: There is no d in font nullfont!
Missing character: There is no i in font nullfont!
Missing character: There is no g in font nullfont!
Missing character: There is no v in font nullfont!
Missing character: There is no e in font nullfont!
Missing character: There is no r in font nullfont!
Missing character: There is no w in font nullfont!
Missing character: There is no y in font nullfont!
Missing character: There is no s in font nullfont!
Missing character: There is no ( in font nullfont!
Missing character: There is no e in font nullfont!
Missing character: There is no r in font nullfont!
Missing character: There is no k in font nullfont!
Missing character: There is no e in font nullfont!
Missing character: There is no n in font nullfont!
Missing character: There is no ) in font nullfont!
Missing character: There is no . in font nullfont!
Missing character: There is no E in font nullfont!
Missing character: There is no k in font nullfont!
Missing character: There is no e in font nullfont!
Missing character: There is no r in font nullfont!
Missing character: There is no k in font nullfont!
Missing character: There is no e in font nullfont!
Missing character: There is no n in font nullfont!
Missing character: There is no d in font nullfont!
Missing character: There is no a in font nullfont!
Missing character: There is no t in font nullfont!
Missing character: There is no d in font nullfont!
Missing character: There is no i in font nullfont!
Missing character: There is no e in font nullfont!
Missing character: There is no w in font nullfont!
Missing character: There is no o in font nullfont!
Missing character: There is no o in font nullfont!
Missing character: There is no r in font nullfont!
Missing character: There is no d in font nullfont!
Missing character: There is no e in font nullfont!
Missing character: There is no l in font nullfont!
Missing character: There is no i in font nullfont!
Missing character: There is no k in font nullfont!
Missing character: There is no s in font nullfont!
Missing character: There is no e in font nullfont!
Missing character: There is no a in font nullfont!
Missing character: There is no a in font nullfont!
Missing character: There is no n in font nullfont!
Missing character: There is no h in font nullfont!
Missing character: There is no a in font nullfont!
Missing character: There is no a in font nullfont!
Missing character: There is no l in font nullfont!
Missing character: There is no v in font nullfont!
Missing character: There is no a in font nullfont!
Missing character: There is no n in font nullfont!
Missing character: There is no t in font nullfont!
Missing character: There is no e in font nullfont!
Missing character: There is no k in font nullfont!
Missing character: There is no s in font nullfont!
Missing character: There is no s in font nullfont!
Missing character: There is no o in font nullfont!
Missing character: There is no n in font nullfont!
Missing character: There is no d in font nullfont!
Missing character: There is no e in font nullfont!
Missing character: There is no r in font nullfont!
Missing character: There is no a in font nullfont!
Missing character: There is no a in font nullfont!
Missing character: There is no n in font nullfont!
Missing character: There is no h in font nullfont!
Missing character: There is no a in font nullfont!
Missing character: There is no l in font nullfont!
Missing character: There is no i in font nullfont!
Missing character: There is no n in font nullfont!
Missing character: There is no g in font nullfont!
Missing character: There is no s in font nullfont!
Missing character: There is no t in font nullfont!
Missing character: There is no e in font nullfont!
Missing character: There is no k in font nullfont!
Missing character: There is no e in font nullfont!
Missing character: There is no n in font nullfont!
Missing character: There is no s in font nullfont!
Missing character: There is no ( in font nullfont!
Missing character: There is no s in font nullfont!
Missing character: There is no e in font nullfont!
Missing character: There is no l in font nullfont!
Missing character: There is no f in font nullfont!
Missing character: There is no s in font nullfont!
Missing character: There is no a in font nullfont!
Missing character: There is no l in font nullfont!
Missing character: There is no w in font nullfont!
Missing character: There is no o in font nullfont!
Missing character: There is no r in font nullfont!
Missing character: There is no d in font nullfont!
Missing character: There is no d in font nullfont!
Missing character: There is no i in font nullfont!
Missing character: There is no e in font nullfont!
Missing character: There is no b in font nullfont!
Missing character: There is no r in font nullfont!
Missing character: There is no o in font nullfont!
Missing character: There is no n in font nullfont!
Missing character: There is no v in font nullfont!
Missing character: There is no o in font nullfont!
Missing character: There is no l in font nullfont!
Missing character: There is no l in font nullfont!
Missing character: There is no e in font nullfont!
Missing character: There is no d in font nullfont!
Missing character: There is no i in font nullfont!
Missing character: There is no g in font nullfont!
Missing character: There is no e in font nullfont!
Missing character: There is no r in font nullfont!
Missing character: There is no k in font nullfont!
Missing character: There is no e in font nullfont!
Missing character: There is no n in font nullfont!
Missing character: There is no ) in font nullfont!
Missing character: There is no p in font nullfont!
Missing character: There is no l in font nullfont!
Missing character: There is no a in font nullfont!
Missing character: There is no g in font nullfont!
Missing character: There is no i in font nullfont!
Missing character: There is no a in font nullfont!
Missing character: There is no a in font nullfont!
Missing character: There is no t in font nullfont!
Missing character: There is no i in font nullfont!
Missing character: There is no s in font nullfont!
Missing character: There is no . in font nullfont!

Overfull \hbox (49.72737pt too wide) in paragraph at lines 25--27
\OT1/cmr/m/it/10 Accordingly
 []


Overfull \hbox (10.73328pt too wide) in paragraph at lines 25--27
\OT1/cmr/m/it/10 all
 []


Overfull \hbox (18.65543pt too wide) in paragraph at lines 25--27
\OT1/cmr/m/it/10 quo-
 []


Overfull \hbox (12.01102pt too wide) in paragraph at lines 25--27
\OT1/cmr/m/it/10 ta-
 []


Overfull \hbox (21.21098pt too wide) in paragraph at lines 25--27
\OT1/cmr/m/it/10 tions
 []


Overfull \hbox (15.84436pt too wide) in paragraph at lines 25--27
\OT1/cmr/m/it/10 and
 []


Overfull \hbox (18.39986pt too wide) in paragraph at lines 25--27
\OT1/cmr/m/it/10 con-
 []


Overfull \hbox (14.18321pt too wide) in paragraph at lines 25--27
\OT1/cmr/m/it/10 tri-
 []


Overfull \hbox (13.54434pt too wide) in paragraph at lines 25--27
\OT1/cmr/m/it/10 bu-
 []


Overfull \hbox (21.21098pt too wide) in paragraph at lines 25--27
\OT1/cmr/m/it/10 tions
 []


Overfull \hbox (20.06097pt too wide) in paragraph at lines 25--27
\OT1/cmr/m/it/10 from
 []


Overfull \hbox (15.58879pt too wide) in paragraph at lines 25--27
\OT1/cmr/m/it/10 any
 []


Overfull \hbox (26.96089pt too wide) in paragraph at lines 25--27
\OT1/cmr/m/it/10 source
 []


Overfull \hbox (23.76651pt too wide) in paragraph at lines 25--27
\OT1/cmr/m/it/10 what-
 []


Overfull \hbox (12.7777pt too wide) in paragraph at lines 25--27
\OT1/cmr/m/it/10 so-
 []


Overfull \hbox (18.01651pt too wide) in paragraph at lines 25--27
\OT1/cmr/m/it/10 ever
 []


Overfull \hbox (16.35545pt too wide) in paragraph at lines 25--27
\OT1/cmr/m/it/10 (in-
 []


Overfull \hbox (21.21097pt too wide) in paragraph at lines 25--27
\OT1/cmr/m/it/10 clud-
 []


Overfull \hbox (13.2888pt too wide) in paragraph at lines 25--27
\OT1/cmr/m/it/10 ing
 []


Overfull \hbox (13.03323pt too wide) in paragraph at lines 25--27
\OT1/cmr/m/it/10 the
 []


Overfull \hbox (12.26659pt too wide) in paragraph at lines 25--27
\OT1/cmr/m/it/10 in-
 []


Overfull \hbox (15.71652pt too wide) in paragraph at lines 25--27
\OT1/cmr/m/it/10 ter-
 []


Overfull \hbox (17.63321pt too wide) in paragraph at lines 25--27
\OT1/cmr/m/it/10 net)
 []


Overfull \hbox (19.42209pt too wide) in paragraph at lines 25--27
\OT1/cmr/m/it/10 have
 []


Overfull \hbox (18.39983pt too wide) in paragraph at lines 25--27
\OT1/cmr/m/it/10 been
 []


Overfull \hbox (20.18872pt too wide) in paragraph at lines 25--27
\OT1/cmr/m/it/10 cited
 []


Overfull \hbox (21.97765pt too wide) in paragraph at lines 25--27
\OT1/cmr/m/it/10 fully.
 []


Overfull \hbox (3.85553pt too wide) in paragraph at lines 25--27
\OT1/cmr/m/it/10 I
 []


Overfull \hbox (14.56657pt too wide) in paragraph at lines 25--27
\OT1/cmr/m/it/10 un-
 []


Overfull \hbox (17.50542pt too wide) in paragraph at lines 25--27
\OT1/cmr/m/it/10 der-
 []


Overfull \hbox (23.25542pt too wide) in paragraph at lines 25--27
\OT1/cmr/m/it/10 stand
 []


Overfull \hbox (16.86655pt too wide) in paragraph at lines 25--27
\OT1/cmr/m/it/10 that
 []


Overfull \hbox (13.03323pt too wide) in paragraph at lines 25--27
\OT1/cmr/m/it/10 the
 []


Overfull \hbox (11.88321pt too wide) in paragraph at lines 25--27
\OT1/cmr/m/it/10 re-
 []


Overfull \hbox (17.50542pt too wide) in paragraph at lines 25--27
\OT1/cmr/m/it/10 pro-
 []


Overfull \hbox (18.65543pt too wide) in paragraph at lines 25--27
\OT1/cmr/m/it/10 duc-
 []


Overfull \hbox (17.12212pt too wide) in paragraph at lines 25--27
\OT1/cmr/m/it/10 tion
 []


Overfull \hbox (8.17773pt too wide) in paragraph at lines 25--27
\OT1/cmr/m/it/10 of
 []


Overfull \hbox (15.88321pt too wide) in paragraph at lines 25--27
\OT1/cmr/m/it/10 text
 []


Overfull \hbox (21.72208pt too wide) in paragraph at lines 25--27
\OT1/cmr/m/it/10 with-
 []


Overfull \hbox (13.79991pt too wide) in paragraph at lines 25--27
\OT1/cmr/m/it/10 out
 []


Overfull \hbox (18.65543pt too wide) in paragraph at lines 25--27
\OT1/cmr/m/it/10 quo-
 []


Overfull \hbox (12.01102pt too wide) in paragraph at lines 25--27
\OT1/cmr/m/it/10 ta-
 []


Overfull \hbox (17.12212pt too wide) in paragraph at lines 25--27
\OT1/cmr/m/it/10 tion
 []


Overfull \hbox (26.19427pt too wide) in paragraph at lines 25--27
\OT1/cmr/m/it/10 marks
 []


Overfull \hbox (23.51094pt too wide) in paragraph at lines 25--27
\OT1/cmr/m/it/10 (even
 []


Overfull \hbox (21.97765pt too wide) in paragraph at lines 25--27
\OT1/cmr/m/it/10 when
 []


Overfull \hbox (13.03323pt too wide) in paragraph at lines 25--27
\OT1/cmr/m/it/10 the
 []


Overfull \hbox (26.96089pt too wide) in paragraph at lines 25--27
\OT1/cmr/m/it/10 source
 []


Overfull \hbox (7.15552pt too wide) in paragraph at lines 25--27
\OT1/cmr/m/it/10 is
 []


Overfull \hbox (24.27759pt too wide) in paragraph at lines 25--27
\OT1/cmr/m/it/10 cited)
 []


Overfull \hbox (7.15552pt too wide) in paragraph at lines 25--27
\OT1/cmr/m/it/10 is
 []


Overfull \hbox (16.35545pt too wide) in paragraph at lines 25--27
\OT1/cmr/m/it/10 pla-
 []


Overfull \hbox (16.35544pt too wide) in paragraph at lines 25--27
\OT1/cmr/m/it/10 gia-
 []


Overfull \hbox (20.31702pt too wide) in paragraph at lines 25--27
\OT1/cmr/m/it/10 rism 
 []

Missing character: There is no E in font nullfont!
Missing character: There is no k in font nullfont!
Missing character: There is no v in font nullfont!
Missing character: There is no e in font nullfont!
Missing character: There is no r in font nullfont!
Missing character: There is no k in font nullfont!
Missing character: There is no l in font nullfont!
Missing character: There is no a in font nullfont!
Missing character: There is no a in font nullfont!
Missing character: There is no r in font nullfont!
Missing character: There is no d in font nullfont!
Missing character: There is no a in font nullfont!
Missing character: There is no t in font nullfont!
Missing character: There is no d in font nullfont!
Missing character: There is no i in font nullfont!
Missing character: There is no e in font nullfont!
Missing character: There is no w in font nullfont!
Missing character: There is no e in font nullfont!
Missing character: There is no r in font nullfont!
Missing character: There is no k in font nullfont!
Missing character: There is no i in font nullfont!
Missing character: There is no n in font nullfont!
Missing character: There is no h in font nullfont!
Missing character: There is no i in font nullfont!
Missing character: There is no e in font nullfont!
Missing character: There is no r in font nullfont!
Missing character: There is no d in font nullfont!
Missing character: There is no i in font nullfont!
Missing character: There is no e in font nullfont!
Missing character: There is no s in font nullfont!
Missing character: There is no k in font nullfont!
Missing character: There is no r in font nullfont!
Missing character: There is no y in font nullfont!
Missing character: There is no f in font nullfont!
Missing character: There is no s in font nullfont!
Missing character: There is no t in font nullfont!
Missing character: There is no u in font nullfont!
Missing character: There is no k in font nullfont!
Missing character: There is no v in font nullfont!
Missing character: There is no e in font nullfont!
Missing character: There is no r in font nullfont!
Missing character: There is no v in font nullfont!
Missing character: There is no a in font nullfont!
Missing character: There is no t in font nullfont!
Missing character: There is no , in font nullfont!
Missing character: There is no b in font nullfont!
Missing character: There is no e in font nullfont!
Missing character: There is no h in font nullfont!
Missing character: There is no a in font nullfont!
Missing character: There is no l in font nullfont!
Missing character: There is no w in font nullfont!
Missing character: There is no e in font nullfont!
Missing character: There is no w in font nullfont!
Missing character: There is no a in font nullfont!
Missing character: There is no a in font nullfont!
Missing character: There is no r in font nullfont!
Missing character: There is no a in font nullfont!
Missing character: There is no n in font nullfont!
Missing character: There is no d in font nullfont!
Missing character: There is no e in font nullfont!
Missing character: There is no r in font nullfont!
Missing character: There is no s in font nullfont!
Missing character: There is no a in font nullfont!
Missing character: There is no a in font nullfont!
Missing character: There is no n in font nullfont!
Missing character: There is no g in font nullfont!
Missing character: There is no e in font nullfont!
Missing character: There is no d in font nullfont!
Missing character: There is no u in font nullfont!
Missing character: There is no i in font nullfont!
Missing character: There is no , in font nullfont!
Missing character: There is no m in font nullfont!
Missing character: There is no y in font nullfont!
Missing character: There is no e in font nullfont!
Missing character: There is no i in font nullfont!
Missing character: There is no e in font nullfont!
Missing character: There is no o in font nullfont!
Missing character: There is no o in font nullfont!
Missing character: There is no r in font nullfont!
Missing character: There is no s in font nullfont!
Missing character: There is no p in font nullfont!
Missing character: There is no r in font nullfont!
Missing character: There is no o in font nullfont!
Missing character: There is no n in font nullfont!
Missing character: There is no k in font nullfont!
Missing character: There is no l in font nullfont!
Missing character: There is no i in font nullfont!
Missing character: There is no k in font nullfont!
Missing character: There is no e in font nullfont!
Missing character: There is no w in font nullfont!
Missing character: There is no e in font nullfont!
Missing character: There is no r in font nullfont!
Missing character: There is no k in font nullfont!
Missing character: There is no i in font nullfont!
Missing character: There is no s in font nullfont!
Missing character: There is no e in font nullfont!
Missing character: There is no n in font nullfont!
Missing character: There is no d in font nullfont!
Missing character: There is no a in font nullfont!
Missing character: There is no t in font nullfont!
Missing character: There is no e in font nullfont!
Missing character: There is no k in font nullfont!
Missing character: There is no d in font nullfont!
Missing character: There is no i in font nullfont!
Missing character: There is no t in font nullfont!
Missing character: There is no n in font nullfont!
Missing character: There is no i in font nullfont!
Missing character: There is no e in font nullfont!
Missing character: There is no v in font nullfont!
Missing character: There is no a in font nullfont!
Missing character: There is no n in font nullfont!
Missing character: There is no t in font nullfont!
Missing character: There is no e in font nullfont!
Missing character: There is no v in font nullfont!
Missing character: There is no o in font nullfont!
Missing character: There is no r in font nullfont!
Missing character: There is no e in font nullfont!
Missing character: There is no i in font nullfont!
Missing character: There is no n in font nullfont!
Missing character: There is no d in font nullfont!
Missing character: There is no i in font nullfont!
Missing character: There is no e in font nullfont!
Missing character: There is no g in font nullfont!
Missing character: There is no e in font nullfont!
Missing character: There is no h in font nullfont!
Missing character: There is no e in font nullfont!
Missing character: There is no e in font nullfont!
Missing character: There is no l in font nullfont!
Missing character: There is no o in font nullfont!
Missing character: There is no f in font nullfont!
Missing character: There is no g in font nullfont!
Missing character: There is no e in font nullfont!
Missing character: There is no d in font nullfont!
Missing character: There is no e in font nullfont!
Missing character: There is no e in font nullfont!
Missing character: There is no l in font nullfont!
Missing character: There is no t in font nullfont!
Missing character: There is no e in font nullfont!
Missing character: There is no l in font nullfont!
Missing character: There is no i in font nullfont!
Missing character: There is no k in font nullfont!
Missing character: There is no i in font nullfont!
Missing character: There is no n in font nullfont!
Missing character: There is no g in font nullfont!
Missing character: There is no e in font nullfont!
Missing character: There is no h in font nullfont!
Missing character: There is no a in font nullfont!
Missing character: There is no n in font nullfont!
Missing character: There is no d in font nullfont!
Missing character: There is no i in font nullfont!
Missing character: There is no g in font nullfont!
Missing character: There is no h in font nullfont!
Missing character: There is no e in font nullfont!
Missing character: There is no t in font nullfont!
Missing character: There is no v in font nullfont!
Missing character: There is no i in font nullfont!
Missing character: There is no r in font nullfont!
Missing character: There is no b in font nullfont!
Missing character: There is no e in font nullfont!
Missing character: There is no p in font nullfont!
Missing character: There is no u in font nullfont!
Missing character: There is no n in font nullfont!
Missing character: There is no t in font nullfont!
Missing character: There is no i in font nullfont!
Missing character: There is no n in font nullfont!
Missing character: There is no g in font nullfont!
Missing character: There is no i in font nullfont!
Missing character: There is no n in font nullfont!
Missing character: There is no h in font nullfont!
Missing character: There is no i in font nullfont!
Missing character: There is no e in font nullfont!
Missing character: There is no r in font nullfont!
Missing character: There is no d in font nullfont!
Missing character: There is no i in font nullfont!
Missing character: There is no e in font nullfont!
Missing character: There is no m in font nullfont!
Missing character: There is no o in font nullfont!
Missing character: There is no d in font nullfont!
Missing character: There is no u in font nullfont!
Missing character: There is no l in font nullfont!
Missing character: There is no e in font nullfont!
Missing character: There is no / in font nullfont!
Missing character: There is no w in font nullfont!
Missing character: There is no e in font nullfont!
Missing character: There is no r in font nullfont!
Missing character: There is no k in font nullfont!
Missing character: There is no s in font nullfont!
Missing character: There is no t in font nullfont!
Missing character: There is no u in font nullfont!
Missing character: There is no k in font nullfont!
Missing character: There is no o in font nullfont!
Missing character: There is no f in font nullfont!
Missing character: There is no ' in font nullfont!
Missing character: There is no n in font nullfont!
Missing character: There is no a in font nullfont!
Missing character: There is no n in font nullfont!
Missing character: There is no d in font nullfont!
Missing character: There is no e in font nullfont!
Missing character: There is no r in font nullfont!
Missing character: There is no m in font nullfont!
Missing character: There is no o in font nullfont!
Missing character: There is no d in font nullfont!
Missing character: There is no u in font nullfont!
Missing character: There is no l in font nullfont!
Missing character: There is no e in font nullfont!
Missing character: There is no / in font nullfont!
Missing character: There is no w in font nullfont!
Missing character: There is no e in font nullfont!
Missing character: There is no r in font nullfont!
Missing character: There is no k in font nullfont!
Missing character: There is no s in font nullfont!
Missing character: There is no t in font nullfont!
Missing character: There is no u in font nullfont!
Missing character: There is no k in font nullfont!
Missing character: There is no n in font nullfont!
Missing character: There is no i in font nullfont!
Missing character: There is no e in font nullfont!
Missing character: There is no . in font nullfont!

Overfull \hbox (3.85553pt too wide) in paragraph at lines 28--30
\OT1/cmr/m/it/10 I
 []


Overfull \hbox (13.28879pt too wide) in paragraph at lines 28--30
\OT1/cmr/m/it/10 de-
 []


Overfull \hbox (20.57205pt too wide) in paragraph at lines 28--30
\OT1/cmr/m/it/10 clare
 []


Overfull \hbox (16.86655pt too wide) in paragraph at lines 28--30
\OT1/cmr/m/it/10 that
 []


Overfull \hbox (13.03323pt too wide) in paragraph at lines 28--30
\OT1/cmr/m/it/10 the
 []


Overfull \hbox (20.57208pt too wide) in paragraph at lines 28--30
\OT1/cmr/m/it/10 work
 []


Overfull \hbox (18.39986pt too wide) in paragraph at lines 28--30
\OT1/cmr/m/it/10 con-
 []


Overfull \hbox (26.32204pt too wide) in paragraph at lines 28--30
\OT1/cmr/m/it/10 tained
 []


Overfull \hbox (8.68884pt too wide) in paragraph at lines 28--30
\OT1/cmr/m/it/10 in
 []


Overfull \hbox (15.58879pt too wide) in paragraph at lines 28--30
\OT1/cmr/m/it/10 this
 []


Overfull \hbox (12.7777pt too wide) in paragraph at lines 28--30
\OT1/cmr/m/it/10 as-
 []


Overfull \hbox (20.95541pt too wide) in paragraph at lines 28--30
\OT1/cmr/m/it/10 sign-
 []


Overfull \hbox (24.78873pt too wide) in paragraph at lines 28--30
\OT1/cmr/m/it/10 ment,
 []


Overfull \hbox (12.81657pt too wide) in paragraph at lines 28--30
\OT1/cmr/m/it/10 ex-
 []


Overfull \hbox (17.12207pt too wide) in paragraph at lines 28--30
\OT1/cmr/m/it/10 cept
 []


Overfull \hbox (24.66092pt too wide) in paragraph at lines 28--30
\OT1/cmr/m/it/10 where
 []


Overfull \hbox (17.1221pt too wide) in paragraph at lines 28--30
\OT1/cmr/m/it/10 oth-
 []


Overfull \hbox (12.39433pt too wide) in paragraph at lines 28--30
\OT1/cmr/m/it/10 er-
 []


Overfull \hbox (18.39989pt too wide) in paragraph at lines 28--30
\OT1/cmr/m/it/10 wise
 []


Overfull \hbox (28.1109pt too wide) in paragraph at lines 28--30
\OT1/cmr/m/it/10 stated,
 []


Overfull \hbox (7.15552pt too wide) in paragraph at lines 28--30
\OT1/cmr/m/it/10 is
 []


Overfull \hbox (13.03325pt too wide) in paragraph at lines 28--30
\OT1/cmr/m/it/10 my
 []


Overfull \hbox (20.57207pt too wide) in paragraph at lines 28--30
\OT1/cmr/m/it/10 orig-
 []


Overfull \hbox (6.6444pt too wide) in paragraph at lines 28--30
\OT1/cmr/m/it/10 i-
 []


Overfull \hbox (13.28882pt too wide) in paragraph at lines 28--30
\OT1/cmr/m/it/10 nal
 []


Overfull \hbox (20.57208pt too wide) in paragraph at lines 28--30
\OT1/cmr/m/it/10 work
 []


Overfull \hbox (15.84436pt too wide) in paragraph at lines 28--30
\OT1/cmr/m/it/10 and
 []


Overfull \hbox (16.86655pt too wide) in paragraph at lines 28--30
\OT1/cmr/m/it/10 that
 []


Overfull \hbox (3.85553pt too wide) in paragraph at lines 28--30
\OT1/cmr/m/it/10 I
 []


Overfull \hbox (19.42209pt too wide) in paragraph at lines 28--30
\OT1/cmr/m/it/10 have
 []


Overfull \hbox (14.05547pt too wide) in paragraph at lines 28--30
\OT1/cmr/m/it/10 not
 []


Overfull \hbox (16.9943pt too wide) in paragraph at lines 28--30
\OT1/cmr/m/it/10 pre-
 []


Overfull \hbox (11.24435pt too wide) in paragraph at lines 28--30
\OT1/cmr/m/it/10 vi-
 []


Overfull \hbox (21.97765pt too wide) in paragraph at lines 28--30
\OT1/cmr/m/it/10 ously
 []


Overfull \hbox (12.77771pt too wide) in paragraph at lines 28--30
\OT1/cmr/m/it/10 (in
 []


Overfull \hbox (10.4777pt too wide) in paragraph at lines 28--30
\OT1/cmr/m/it/10 its
 []


Overfull \hbox (13.7999pt too wide) in paragraph at lines 28--30
\OT1/cmr/m/it/10 en-
 []


Overfull \hbox (22.87201pt too wide) in paragraph at lines 28--30
\OT1/cmr/m/it/10 tirety
 []


Overfull \hbox (9.32771pt too wide) in paragraph at lines 28--30
\OT1/cmr/m/it/10 or
 []


Overfull \hbox (8.68884pt too wide) in paragraph at lines 28--30
\OT1/cmr/m/it/10 in
 []


Overfull \hbox (21.33873pt too wide) in paragraph at lines 28--30
\OT1/cmr/m/it/10 part)
 []


Overfull \hbox (17.63321pt too wide) in paragraph at lines 28--30
\OT1/cmr/m/it/10 sub-
 []


Overfull \hbox (18.14432pt too wide) in paragraph at lines 28--30
\OT1/cmr/m/it/10 mit-
 []


Overfull \hbox (12.52211pt too wide) in paragraph at lines 28--30
\OT1/cmr/m/it/10 ted
 []


Overfull \hbox (6.38884pt too wide) in paragraph at lines 28--30
\OT1/cmr/m/it/10 it
 []


Overfull \hbox (12.39436pt too wide) in paragraph at lines 28--30
\OT1/cmr/m/it/10 for
 []


Overfull \hbox (22.10538pt too wide) in paragraph at lines 28--30
\OT1/cmr/m/it/10 grad-
 []


Overfull \hbox (13.2888pt too wide) in paragraph at lines 28--30
\OT1/cmr/m/it/10 ing
 []


Overfull \hbox (8.68884pt too wide) in paragraph at lines 28--30
\OT1/cmr/m/it/10 in
 []


Overfull \hbox (15.58879pt too wide) in paragraph at lines 28--30
\OT1/cmr/m/it/10 this
 []


Overfull \hbox (21.46652pt too wide) in paragraph at lines 28--30
\OT1/cmr/m/it/10 mod-
 []


Overfull \hbox (65.93292pt too wide) in paragraph at lines 28--30
\OT1/cmr/m/it/10 ule/assignment
 []


Overfull \hbox (9.32771pt too wide) in paragraph at lines 28--30
\OT1/cmr/m/it/10 or
 []


Overfull \hbox (14.31102pt too wide) in paragraph at lines 28--30
\OT1/cmr/m/it/10 an-
 []


Overfull \hbox (22.36095pt too wide) in paragraph at lines 28--30
\OT1/cmr/m/it/10 other
 []


Overfull \hbox (21.46652pt too wide) in paragraph at lines 28--30
\OT1/cmr/m/it/10 mod-
 []


Overfull \hbox (68.99957pt too wide) in paragraph at lines 28--30
\OT1/cmr/m/it/10 ule/assignment. 
 []


! LaTeX Error: The font size command \normalsize is not defined:
               there is probably something wrong with the class file.

See the LaTeX manual or LaTeX Companion for explanation.
Type  H <return>  for immediate help.
 ...                                              
                                                  
l.30 \end{enumerate}
                    
Your command was ignored.
Type  I <command> <return>  to replace it with another command,
or  <return>  to continue without it.

! Undefined control sequence.
\@oddfoot ->\reset@font \hfil \thepage 
                                       \hfil 
l.30 \end{enumerate}
                    
The control sequence at the end of the top line
of your error message was never \def'ed. If you have
misspelled it (e.g., `\hobx'), type `I' and the correct
spelling (e.g., `I\hbox'). Otherwise just continue,
and I'll forget about whatever was undefined.

[1
! Undefined control sequence.
<write> ...tsline {chapter}{Declaration}{\thepage 
                                                  }\protected@file@percent }
l.30 \end{enumerate}
                    
The control sequence at the end of the top line
of your error message was never \def'ed. If you have
misspelled it (e.g., `\hobx'), type `I' and the correct
spelling (e.g., `I\hbox'). Otherwise just continue,
and I'll forget about whatever was undefined.

\@writefile{toc}{\contentsline {chapter}{Declaration}{}\protected@file@percent 
}
{C:/Users/dvone/AppData/Local/MiKTeX/2.9/pdftex/config/pdftex.map}]

! LaTeX Error: Environment tabularx undefined.

See the LaTeX manual or LaTeX Companion for explanation.
Type  H <return>  for immediate help.
 ...                                              
                                                  
l.34 \noindent \begin{tabularx}
                               {1.0\linewidth}{|L|L|}
Your command was ignored.
Type  I <command> <return>  to replace it with another command,
or  <return>  to continue without it.

Missing character: There is no 1 in font nullfont!
Missing character: There is no . in font nullfont!
Missing character: There is no 0 in font nullfont!
! Missing number, treated as zero.
<to be read again> 
                   }
l.34 \noindent \begin{tabularx}{1.0\linewidth}
                                              {|L|L|}
A number should have been here; I inserted `0'.
(If you can't figure out why I needed to see a number,
look up `weird error' in the index to The TeXbook.)

! Illegal unit of measure (pt inserted).
<to be read again> 
                   }
l.34 \noindent \begin{tabularx}{1.0\linewidth}
                                              {|L|L|}
Dimensions can be in units of em, ex, in, pt, pc,
cm, mm, dd, cc, nd, nc, bp, or sp; but yours is a new one!
I'll assume that you meant to say pt, for printer's points.
To recover gracefully from this error, it's best to
delete the erroneous units; e.g., type `2' to delete
two letters. (See Chapter 27 of The TeXbook.)

Missing character: There is no | in font nullfont!
Missing character: There is no L in font nullfont!
Missing character: There is no | in font nullfont!
Missing character: There is no L in font nullfont!
Missing character: There is no | in font nullfont!
! Misplaced \noalign.
\hline ->\noalign 
                  {\ifnum 0=`}\fi \hrule \@height \arrayrulewidth \futurelet...
l.35     \hline
               
I expect to see \noalign only after the \cr of
an alignment. Proceed, and I'll ignore this case.

! Undefined control sequence.
l.36     \hspace{2cm} \large
                            {\stNumber}& \vspace{4mm}\hspace{2cm} \includegr...
The control sequence at the end of the top line
of your error message was never \def'ed. If you have
misspelled it (e.g., `\hobx'), type `I' and the correct
spelling (e.g., `I\hbox'). Otherwise just continue,
and I'll forget about whatever was undefined.

! Undefined control sequence.
l.36     \hspace{2cm} \large{\stNumber
                                      }& \vspace{4mm}\hspace{2cm} \includegr...
The control sequence at the end of the top line
of your error message was never \def'ed. If you have
misspelled it (e.g., `\hobx'), type `I' and the correct
spelling (e.g., `I\hbox'). Otherwise just continue,
and I'll forget about whatever was undefined.

! Misplaced alignment tab character &.
l.36     \hspace{2cm} \large{\stNumber}&
                                         \vspace{4mm}\hspace{2cm} \includegr...
I can't figure out why you would want to use a tab mark
here. If you just want an ampersand, the remedy is
simple: Just type `I\&' now. But if some right brace
up above has ended a previous alignment prematurely,
you're probably due for more error messages, and you
might try typing `S' now just to see what is salvageable.

! Undefined control sequence.
l.36 ... \vspace{4mm}\hspace{2cm} \includegraphics
                                                  [height=1.5cm]{\signature}\\
The control sequence at the end of the top line
of your error message was never \def'ed. If you have
misspelled it (e.g., `\hobx'), type `I' and the correct
spelling (e.g., `I\hbox'). Otherwise just continue,
and I'll forget about whatever was undefined.

Missing character: There is no [ in font nullfont!
Missing character: There is no h in font nullfont!
Missing character: There is no e in font nullfont!
Missing character: There is no i in font nullfont!
Missing character: There is no g in font nullfont!
Missing character: There is no h in font nullfont!
Missing character: There is no t in font nullfont!
Missing character: There is no = in font nullfont!
Missing character: There is no 1 in font nullfont!
Missing character: There is no . in font nullfont!
Missing character: There is no 5 in font nullfont!
Missing character: There is no c in font nullfont!
Missing character: There is no m in font nullfont!
Missing character: There is no ] in font nullfont!
! Undefined control sequence.
l.36 ... \includegraphics[height=1.5cm]{\signature
                                                  }\\
The control sequence at the end of the top line
of your error message was never \def'ed. If you have
misspelled it (e.g., `\hobx'), type `I' and the correct
spelling (e.g., `I\hbox'). Otherwise just continue,
and I'll forget about whatever was undefined.


Overfull \hbox (20.0pt too wide) in paragraph at lines 36--37
[]
 []

Missing character: There is no S in font nullfont!
Missing character: There is no t in font nullfont!
Missing character: There is no u in font nullfont!
Missing character: There is no d in font nullfont!
Missing character: There is no e in font nullfont!
Missing character: There is no n in font nullfont!
Missing character: There is no t in font nullfont!
Missing character: There is no e in font nullfont!
Missing character: There is no n in font nullfont!
Missing character: There is no o in font nullfont!
Missing character: There is no m in font nullfont!
Missing character: There is no m in font nullfont!
Missing character: There is no e in font nullfont!
Missing character: There is no r in font nullfont!
Missing character: There is no / in font nullfont!
! Misplaced alignment tab character &.
l.38 ...tudentenommer / \textit{Student number}} &
                                                   \vspace{0mm} {Handtekenin...
I can't figure out why you would want to use a tab mark
here. If you just want an ampersand, the remedy is
simple: Just type `I\&' now. But if some right brace
up above has ended a previous alignment prematurely,
you're probably due for more error messages, and you
might try typing `S' now just to see what is salvageable.

Missing character: There is no H in font nullfont!
Missing character: There is no a in font nullfont!
Missing character: There is no n in font nullfont!
Missing character: There is no d in font nullfont!
Missing character: There is no t in font nullfont!
Missing character: There is no e in font nullfont!
Missing character: There is no k in font nullfont!
Missing character: There is no e in font nullfont!
Missing character: There is no n in font nullfont!
Missing character: There is no i in font nullfont!
Missing character: There is no n in font nullfont!
Missing character: There is no g in font nullfont!
Missing character: There is no / in font nullfont!
! Misplaced \noalign.
\hline ->\noalign 
                  {\ifnum 0=`}\fi \hrule \@height \arrayrulewidth \futurelet...
l.39     \hline
               
I expect to see \noalign only after the \cr of
an alignment. Proceed, and I'll ignore this case.


Overfull \hbox (20.0pt too wide) in paragraph at lines 38--39
[]
 []


Overfull \hbox (17.88876pt too wide) in paragraph at lines 38--39
\OT1/cmr/m/it/10 Stu-
 []


Overfull \hbox (18.65543pt too wide) in paragraph at lines 38--39
\OT1/cmr/m/it/10 dent
 []


Overfull \hbox (22.74431pt too wide) in paragraph at lines 38--39
\OT1/cmr/m/it/10 num-
 []


Overfull \hbox (12.90543pt too wide) in paragraph at lines 38--39
\OT1/cmr/m/it/10 ber
 []


Overfull \hbox (16.86655pt too wide) in paragraph at lines 38--39
\OT1/cmr/m/it/10 Sig-
 []


Overfull \hbox (14.31102pt too wide) in paragraph at lines 38--39
\OT1/cmr/m/it/10 na-
 []


Overfull \hbox (17.74568pt too wide) in paragraph at lines 38--39
\OT1/cmr/m/it/10 ture 
 []

! Undefined control sequence.
l.40     \vspace{1mm}  \hspace{2cm} \large
                                          {\nameInitial} & \vspace{1mm} \hsp...
The control sequence at the end of the top line
of your error message was never \def'ed. If you have
misspelled it (e.g., `\hobx'), type `I' and the correct
spelling (e.g., `I\hbox'). Otherwise just continue,
and I'll forget about whatever was undefined.

! Undefined control sequence.
l.40 ...ace{1mm}  \hspace{2cm} \large{\nameInitial
                                                  } & \vspace{1mm} \hspace{2...
The control sequence at the end of the top line
of your error message was never \def'ed. If you have
misspelled it (e.g., `\hobx'), type `I' and the correct
spelling (e.g., `I\hbox'). Otherwise just continue,
and I'll forget about whatever was undefined.

! Misplaced alignment tab character &.
l.40 ...{1mm}  \hspace{2cm} \large{\nameInitial} &
                                                   \vspace{1mm} \hspace{2cm}...
I can't figure out why you would want to use a tab mark
here. If you just want an ampersand, the remedy is
simple: Just type `I\&' now. But if some right brace
up above has ended a previous alignment prematurely,
you're probably due for more error messages, and you
might try typing `S' now just to see what is salvageable.

! Undefined control sequence.
l.40 ...nitial} & \vspace{1mm} \hspace{2cm} \large
                                                  {\myDate }\\
The control sequence at the end of the top line
of your error message was never \def'ed. If you have
misspelled it (e.g., `\hobx'), type `I' and the correct
spelling (e.g., `I\hbox'). Otherwise just continue,
and I'll forget about whatever was undefined.

! Undefined control sequence.
l.40 ...& \vspace{1mm} \hspace{2cm} \large{\myDate
                                                   }\\
The control sequence at the end of the top line
of your error message was never \def'ed. If you have
misspelled it (e.g., `\hobx'), type `I' and the correct
spelling (e.g., `I\hbox'). Otherwise just continue,
and I'll forget about whatever was undefined.

Missing character: There is no V in font nullfont!
Missing character: There is no o in font nullfont!
Missing character: There is no o in font nullfont!
Missing character: There is no r in font nullfont!
Missing character: There is no l in font nullfont!
Missing character: There is no e in font nullfont!
Missing character: There is no t in font nullfont!
Missing character: There is no t in font nullfont!
Missing character: There is no e in font nullfont!
Missing character: There is no r in font nullfont!
Missing character: There is no s in font nullfont!
Missing character: There is no e in font nullfont!
Missing character: There is no n in font nullfont!
Missing character: There is no v in font nullfont!
Missing character: There is no a in font nullfont!
Missing character: There is no n in font nullfont!
Missing character: There is no / in font nullfont!
! Misplaced alignment tab character &.
l.41 ... en van / \textit{Initials and surname}} &
                                                   \vspace{1mm} {Datum / \te...
I can't figure out why you would want to use a tab mark
here. If you just want an ampersand, the remedy is
simple: Just type `I\&' now. But if some right brace
up above has ended a previous alignment prematurely,
you're probably due for more error messages, and you
might try typing `S' now just to see what is salvageable.

Missing character: There is no D in font nullfont!
Missing character: There is no a in font nullfont!
Missing character: There is no t in font nullfont!
Missing character: There is no u in font nullfont!
Missing character: There is no m in font nullfont!
Missing character: There is no / in font nullfont!
! Misplaced \noalign.
\hline ->\noalign 
                  {\ifnum 0=`}\fi \hrule \@height \arrayrulewidth \futurelet...
l.42     \hline
               
I expect to see \noalign only after the \cr of
an alignment. Proceed, and I'll ignore this case.


Overfull \hbox (20.0pt too wide) in paragraph at lines 40--42
[]
 []


Overfull \hbox (16.12212pt too wide) in paragraph at lines 40--42
\OT1/cmr/m/it/10 Ini-
 []


Overfull \hbox (18.14433pt too wide) in paragraph at lines 40--42
\OT1/cmr/m/it/10 tials
 []


Overfull \hbox (15.84436pt too wide) in paragraph at lines 40--42
\OT1/cmr/m/it/10 and
 []


Overfull \hbox (17.24988pt too wide) in paragraph at lines 40--42
\OT1/cmr/m/it/10 sur-
 []


Overfull \hbox (23.51097pt too wide) in paragraph at lines 40--42
\OT1/cmr/m/it/10 name
 []


Overfull \hbox (21.33456pt too wide) in paragraph at lines 40--42
\OT1/cmr/m/it/10 Date 
 []


! LaTeX Error: \begin{document} ended by \end{tabularx}.

See the LaTeX manual or LaTeX Companion for explanation.
Type  H <return>  for immediate help.
 ...                                              
                                                  
l.43 \end{tabularx}
                   
Your command was ignored.
Type  I <command> <return>  to replace it with another command,
or  <return>  to continue without it.

)
! Emergency stop.
<*> ./declaration.tex
                     
*** (job aborted, no legal \end found)

 
Here is how much of TeX's memory you used:
 27 strings out of 480799
 626 string characters out of 2905529
 243747 words of memory out of 3000000
 16130 multiletter control sequences out of 15000+200000
 532684 words of font info for 25 fonts, out of 3000000 for 9000
 1141 hyphenation exceptions out of 8191
 19i,4n,15p,300b,156s stack positions out of 5000i,500n,10000p,200000b,50000s
!  ==> Fatal error occurred, no output PDF file produced!
