\BOOKMARK [0][-]{Doc-Start}{Declaration}{}% 1
\BOOKMARK [0][-]{chapter*.2}{List of Figures}{}% 2
\BOOKMARK [0][-]{chapter*.3}{List of Tables}{}% 3
\BOOKMARK [0][-]{chapter*.4}{Nomenclature}{}% 4
\BOOKMARK [0][-]{chapter.1}{System design}{}% 5
\BOOKMARK [1][-]{section.1.1}{System overview}{chapter.1}% 6
\BOOKMARK [0][-]{chapter.2}{Voltage regulation}{}% 7
\BOOKMARK [1][-]{section.2.1}{Introduction}{chapter.2}% 8
\BOOKMARK [1][-]{section.2.2}{Design}{chapter.2}% 9
\BOOKMARK [1][-]{section.2.3}{Results}{chapter.2}% 10
\BOOKMARK [1][-]{section.2.4}{Summary}{chapter.2}% 11
\BOOKMARK [0][-]{chapter.3}{Temperature sensor conditioning circuit}{}% 12
\BOOKMARK [1][-]{section.3.1}{Intro}{chapter.3}% 13
\BOOKMARK [1][-]{section.3.2}{Design}{chapter.3}% 14
\BOOKMARK [1][-]{section.3.3}{Results}{chapter.3}% 15
\BOOKMARK [1][-]{section.3.4}{Summary}{chapter.3}% 16
\BOOKMARK [0][-]{chapter.4}{Heart rate sensor}{}% 17
\BOOKMARK [1][-]{section.4.1}{Introduction}{chapter.4}% 18
\BOOKMARK [1][-]{section.4.2}{Design}{chapter.4}% 19
\BOOKMARK [1][-]{section.4.3}{Results}{chapter.4}% 20
\BOOKMARK [1][-]{section.4.4}{Summary}{chapter.4}% 21
\BOOKMARK [0][-]{chapter.5}{Calibration and digitisation}{}% 22
\BOOKMARK [1][-]{section.5.1}{Temperature sensor}{chapter.5}% 23
\BOOKMARK [2][-]{subsection.5.1.1}{Analytical Design}{section.5.1}% 24
\BOOKMARK [2][-]{subsection.5.1.2}{Empirical Design}{section.5.1}% 25
\BOOKMARK [1][-]{section.5.2}{Heart rate sensor}{chapter.5}% 26
\BOOKMARK [0][-]{chapter.6}{System and conclusion}{}% 27
\BOOKMARK [1][-]{section.6.1}{System}{chapter.6}% 28
\BOOKMARK [1][-]{section.6.2}{System}{chapter.6}% 29
\BOOKMARK [1][-]{section.6.3}{Lessons learnt}{chapter.6}% 30
\BOOKMARK [0][-]{chapter*.24}{Bibliography}{}% 31
\BOOKMARK [0][-]{appendix.A}{Social contract}{}% 32
\BOOKMARK [0][-]{appendix.B}{GitHub Activity Heatmap}{}% 33
\BOOKMARK [0][-]{appendix.C}{Stuff you want to include}{}% 34
\BOOKMARK [0][-]{appendix.D}{Stuff you want to include}{}% 35
